<?xml version="1.0" encoding="UTF-8"?>
<testng-results ignored="0" total="1" passed="1" failed="0" skipped="0">
  <reporter-output>
  </reporter-output>
  <suite started-at="2024-03-12T10:29:41 IST" name="Default suite" finished-at="2024-03-12T10:29:54 IST" duration-ms="12491">
    <groups>
    </groups>
    <test started-at="2024-03-12T10:29:41 IST" name="Default test" finished-at="2024-03-12T10:29:54 IST" duration-ms="12491">
      <class name="Runner.Runner_FB">
        <test-method is-config="true" signature="openapp()[pri:0, instance:Runner.Runner_FB@71238fc2]" started-at="2024-03-12T10:29:41 IST" name="openapp" finished-at="2024-03-12T10:29:44 IST" duration-ms="3032" status="PASS">
          <reporter-output>
          </reporter-output>
        </test-method> <!-- openapp -->
        <test-method signature="fblogin()[pri:0, instance:Runner.Runner_FB@71238fc2]" started-at="2024-03-12T10:29:44 IST" name="fblogin" finished-at="2024-03-12T10:29:54 IST" duration-ms="9218" status="PASS">
          <reporter-output>
          </reporter-output>
        </test-method> <!-- fblogin -->
        <test-method is-config="true" signature="closeapp(org.testng.ITestResult)[pri:0, instance:Runner.Runner_FB@71238fc2]" started-at="2024-03-12T10:29:54 IST" name="closeapp" finished-at="2024-03-12T10:29:54 IST" duration-ms="201" status="PASS">
          <params>
            <param index="0">
              <value>
                <![CDATA[[TestResult name=fblogin status=SUCCESS method=Runner_FB.fblogin()[pri:0, instance:Runner.Runner_FB@71238fc2] output={null}]]]>
              </value>
            </param>
          </params>
          <reporter-output>
          </reporter-output>
        </test-method> <!-- closeapp -->
      </class> <!-- Runner.Runner_FB -->
    </test> <!-- Default test -->
  </suite> <!-- Default suite -->
</testng-results>
